{
  "stats": {
    "suites": 1,
    "tests": 1,
    "passes": 1,
    "pending": 0,
    "failures": 0,
    "start": "2022-07-12T17:22:48.555Z",
    "end": "2022-07-12T17:23:12.787Z",
    "duration": 24232,
    "testsRegistered": 1,
    "passPercent": 100,
    "pendingPercent": 0,
    "other": 0,
    "hasOther": false,
    "skipped": 0,
    "hasSkipped": false
  },
  "results": [
    {
      "uuid": "77025166-654d-4e3a-9a86-a6386c97667b",
      "title": "",
      "fullFile": "cypress\\integration\\examples\\BDD\\PhoenXStockList.feature",
      "file": "cypress\\integration\\examples\\BDD\\PhoenXStockList.feature",
      "beforeHooks": [],
      "afterHooks": [],
      "tests": [],
      "suites": [
        {
          "uuid": "f3e376f0-768e-4a10-a5b8-02699e6c180d",
          "title": "PhoenX end to end StockList validation",
          "fullFile": "",
          "file": "",
          "beforeHooks": [],
          "afterHooks": [],
          "tests": [
            {
              "title": "WSC products delivery",
              "fullTitle": "PhoenX end to end StockList validation WSC products delivery",
              "timedOut": null,
              "duration": 21214,
              "state": "passed",
              "speed": "slow",
              "pass": true,
              "fail": false,
              "pending": false,
              "context": null,
              "code": "const state = window.testState;\nreturn cy\n  .then(() => state.onStartScenario(scenario, indexedSteps))\n  .then(() =>\n    resolveAndRunBeforeHooks.call(this, scenario.tags, state.feature.name)\n  )\n  .then(() =>\n    indexedSteps.forEach((step) =>\n      stepTest.call(this, state, step, rowData)\n    )\n  )\n  .then(() => state.onFinishScenario(scenario));",
              "err": {},
              "uuid": "9b94dd5e-14da-4df7-af19-31eff9ecbbd3",
              "parentUUID": "f3e376f0-768e-4a10-a5b8-02699e6c180d",
              "isHook": false,
              "skipped": false
            }
          ],
          "suites": [],
          "passes": [
            "9b94dd5e-14da-4df7-af19-31eff9ecbbd3"
          ],
          "failures": [],
          "pending": [],
          "skipped": [],
          "duration": 21214,
          "root": false,
          "rootEmpty": false,
          "_timeout": 2000
        }
      ],
      "passes": [],
      "failures": [],
      "pending": [],
      "skipped": [],
      "duration": 0,
      "root": true,
      "rootEmpty": true,
      "_timeout": 2000
    }
  ],
  "meta": {
    "mocha": {
      "version": "7.0.1"
    },
    "mochawesome": {
      "options": {
        "quiet": false,
        "reportFilename": "mochawesome",
        "saveHtml": true,
        "saveJson": true,
        "consoleReporter": "spec",
        "useInlineDiffs": false,
        "code": true
      },
      "version": "7.1.3"
    },
    "marge": {
      "options": null,
      "version": "6.2.0"
    }
  }
}